#
# A fatal error has been detected by the Java Runtime Environment:
#
#  EXCEPTION_ACCESS_VIOLATION (0xc0000005) at pc=0x00007ffca1553283, pid=111960, tid=96988
#
# JRE version: Java(TM) SE Runtime Environment (17.0.5+9) (build 17.0.5+9-LTS-191)
# Java VM: Java HotSpot(TM) 64-Bit Server VM (17.0.5+9-LTS-191, mixed mode, tiered, compressed oops, compressed class ptrs, g1 gc, windows-amd64)
# Problematic frame:
# V  [jvm.dll+0x383283]
#
# No core dump will be written. Minidumps are not enabled by default on client versions of Windows
#
# If you would like to submit a bug report, please visit:
#   https://bugreport.java.com/bugreport/crash.jsp
#

---------------  S U M M A R Y ------------

Command Line: -ea -Didea.test.cyclic.buffer.size=1048576 -javaagent:C:\Users\AsusX514\Desktop\IntelliJ IDEA Community Edition 2022.2.2\lib\idea_rt.jar=53471:C:\Users\AsusX514\Desktop\IntelliJ IDEA Community Edition 2022.2.2\bin -Dfile.encoding=UTF-8 com.intellij.rt.junit.JUnitStarter -ideVersion5 -junit4 Tests.SportFiveTests

Host: 11th Gen Intel(R) Core(TM) i7-1165G7 @ 2.80GHz, 8 cores, 15G,  Windows 11 , 64 bit Build 22621 (10.0.22621.1928)
Time: Thu Jul 27 12:16:47 2023  Windows 11 , 64 bit Build 22621 (10.0.22621.1928) elapsed time: 0.138724 seconds (0d 0h 0m 0s)

---------------  T H R E A D  ---------------

Current thread (0x0000023e0424e740):  JavaThread "Common-Cleaner" daemon [_thread_in_vm, id=96988, stack(0x000000919e300000,0x000000919e400000)]

Stack: [0x000000919e300000,0x000000919e400000],  sp=0x000000919e3ff440,  free space=1021k
Native frames: (J=compiled Java code, j=interpreted, Vv=VM code, C=native code)
V  [jvm.dll+0x383283]
V  [jvm.dll+0x672e12]
V  [jvm.dll+0x383edb]
V  [jvm.dll+0x384167]
V  [jvm.dll+0x409e41]
V  [jvm.dll+0x7885db]
V  [jvm.dll+0x782b4a]
