#
# There is insufficient memory for the Java Runtime Environment to continue.
# Native memory allocation (mmap) failed to map 264241152 bytes for G1 virtual space
# Possible reasons:
#   The system is out of physical RAM or swap space
#   The process is running with CompressedOops enabled, and the Java Heap may be blocking the growth of the native heap
# Possible solutions:
#   Reduce memory load on the system
#   Increase physical memory or swap space
#   Check if swap backing store is full
#   Decrease Java heap size (-Xmx/-Xms)
#   Decrease number of Java threads
#   Decrease Java thread stack sizes (-Xss)
#   Set larger code cache with -XX:ReservedCodeCacheSize=
#   JVM is running with Zero Based Compressed Oops mode in which the Java heap is
#     placed in the first 32GB address space. The Java Heap base address is the
#     maximum limit for the native heap growth. Please use -XX:HeapBaseMinAddress
#     to set the Java Heap base and to place the Java Heap above 32GB virtual address.
# This output file may be truncated or incomplete.
#
#  Out of Memory Error (os_windows.cpp:3541), pid=58632, tid=92344
#
# JRE version:  (17.0.5+9) (build )
# Java VM: Java HotSpot(TM) 64-Bit Server VM (17.0.5+9-LTS-191, mixed mode, sharing, tiered, compressed oops, compressed class ptrs, g1 gc, windows-amd64)
# No core dump will be written. Minidumps are not enabled by default on client versions of Windows
#

---------------  S U M M A R Y ------------

Command Line: C:\Users\AsusX514\IdeaProjects\Sports\out\artifacts\Sports_jar\sports.jar

Host: 11th Gen Intel(R) Core(TM) i7-1165G7 @ 2.80GHz, 8 cores, 15G,  Windows 11 , 64 bit Build 22621 (10.0.22621.1928)
Time: Thu Jul 27 12:06:13 2023  Windows 11 , 64 bit Build 22621 (10.0.22621.1928) elapsed time: 0.134335 seconds (0d 0h 0m 0s)

---------------  T H R E A D  ---------------

Current thread (0x000001ffc2ad71a0):  JavaThread "Unknown thread" [_thread_in_vm, id=92344, stack(0x000000777ad00000,0x000000777ae00000)]

Stack: [0x000000777ad00000,0x000000777ae00000]
Native frames: (J=compiled Java code, j=interpreted, Vv=VM code, C=native code)
V  [jvm.dll+0x672eea]
V  [jvm.dll+0x7d2a04]
V  [jvm.dll+0x7d41ae]
V  [jvm.dll+0x7d4813]
V  [jvm.dll+0x242c15]
V  [jvm.dll+0x66fe09]
V  [jvm.dll+0x664682]
V  [jvm.dll+0x300e8b]
V  [jvm.dll+0x308426]
V  [jvm.dll+0x357ffe]
V  [jvm.dll+0x35822f]
V  [jvm.dll+0x2d80a8]
V  [jvm.dll+0x2d9014]
V  [jvm.dll+0x7a44e1]
V  [jvm.dll+0x365df1]
V  [jvm.dll+0x7838fc]
V  [jvm.dll+0x3e873f]
V  [jvm.dll+0x3ea1e1]
C  [jli.dll+0x527b]
C  [ucrtbase.dll+0x29363]
C  [KERNEL32.DLL+0x126ad]
C  [ntdll.dll+0x5aa68]


---------------  P R O C E S S  ---------------

Threads class SMR info:
_java_thread_list=0x00007ffca1c6a8d8, length=0, elements={
}

Java Threads: ( => current thread )

Other Threads:
  0x000001ffc2b42b50 GCTaskThread "GC Thread#0" [stack: 0x000000777af00000,0x000000777b000000] [id=23244]
  0x000001ffc2b535d0 ConcurrentGCThread "G1 Main Marker" [stack: 0x000000777b000000,0x000000777b100000] [id=67640]
  0x000001ffc2b53fe0 ConcurrentGCThread "G1 Conc#0" [stack: 0x000000777b100000,0x000000777b200000] [id=68672]

[error occurred during error reporting (printing all threads), id 0xc0000005, EXCEPTION_ACCESS_VIOLATION (0xc0000005) at pc=0x00007ffca14b8a97]

VM state: not at safepoint (not fully initialized)

VM Mutex/Monitor currently owned by a thread:  ([mutex/lock_event])
[0x000001ffc2ad20e0] Heap_lock - owner thread: 0x000001ffc2ad71a0

Heap address: 0x0000000704c00000, size: 4020 MB, Compressed Oops mode: Zero based, Oop shift amount: 3

CDS archive(s) mapped at: [0x0000000000000000-0x0000000000000000-0x0000000000000000), size 0, SharedBaseAddress: 0x0000000800000000, ArchiveRelocationMode: 0.
Narrow klass base: 0x0000000000000000, Narrow klass shift: 0, Narrow klass range: 0x0

GC Precious Log:
<Empty>

Heap:
 garbage-first heap   total 0K, used 0K [0x0000000704c00000, 0x0000000800000000)
  region size 2048K, 0 young (0K), 0 survivors (0K)

[error occurred during error reporting (printing heap information), id 0xc0000005, EXCEPTION_ACCESS_VIOLATION (0xc0000005) at pc=0x00007ffca189c399]

GC Heap History (0 events):
No events

Deoptimization events (0 events):
No events

Classes unloaded (0 events):
No events

Classes redefined (0 events):
No events

Internal exceptions (0 events):
No events

VM Operations (0 events):
No events

Events (1 events):
Event: 0.082 Loaded shared library C:\Program Files\Java\jdk-17.0.5\bin\java.dll


Dynamic libraries:
0x00007ff6e1ce0000 - 0x00007ff6e1cf0000 	C:\Program Files\Java\jdk-17.0.5\bin\java.exe
0x00007ffcf59d0000 - 0x00007ffcf5be4000 	C:\WINDOWS\SYSTEM32\ntdll.dll
0x00007ffcf41f0000 - 0x00007ffcf42b2000 	C:\WINDOWS\System32\KERNEL32.DLL
0x00007ffcf3400000 - 0x00007ffcf37a3000 	C:\WINDOWS\System32\KERNELBASE.dll
0x00007ffcf2dd0000 - 0x00007ffcf2ee1000 	C:\WINDOWS\System32\ucrtbase.dll
0x00007ffceaf00000 - 0x00007ffceaf18000 	C:\Program Files\Java\jdk-17.0.5\bin\jli.dll
0x00007ffcf4bf0000 - 0x00007ffcf4c9e000 	C:\WINDOWS\System32\ADVAPI32.dll
0x00007ffcf37b0000 - 0x00007ffcf3857000 	C:\WINDOWS\System32\msvcrt.dll
0x00007ffcf3c90000 - 0x00007ffcf3d34000 	C:\WINDOWS\System32\sechost.dll
0x00007ffcf4f70000 - 0x00007ffcf5087000 	C:\WINDOWS\System32\RPCRT4.dll
0x00007ffcf43a0000 - 0x00007ffcf454a000 	C:\WINDOWS\System32\USER32.dll
0x00007ffcf2ef0000 - 0x00007ffcf2f16000 	C:\WINDOWS\System32\win32u.dll
0x00007ffcf41c0000 - 0x00007ffcf41e9000 	C:\WINDOWS\System32\GDI32.dll
0x00007ffcf31d0000 - 0x00007ffcf32e9000 	C:\WINDOWS\System32\gdi32full.dll
0x00007ffcf3360000 - 0x00007ffcf33fa000 	C:\WINDOWS\System32\msvcp_win.dll
0x00007ffce7b00000 - 0x00007ffce7b1a000 	C:\Program Files\Java\jdk-17.0.5\bin\VCRUNTIME140.dll
0x00007ffce23d0000 - 0x00007ffce265e000 	C:\WINDOWS\WinSxS\amd64_microsoft.windows.common-controls_6595b64144ccf1df_6.0.22621.1635_none_270f70857386168e\COMCTL32.dll
0x00007ffce8910000 - 0x00007ffce891a000 	C:\WINDOWS\SYSTEM32\VERSION.dll
0x00007ffcf3860000 - 0x00007ffcf3891000 	C:\WINDOWS\System32\IMM32.DLL
0x00007ffccb850000 - 0x00007ffccb9b1000 	C:\Program Files (x86)\Citrix\ICA Client\epclient64.dll
0x00007ffcf4860000 - 0x00007ffcf4be9000 	C:\WINDOWS\System32\combase.dll
0x00007ffcf27a0000 - 0x00007ffcf27c8000 	C:\WINDOWS\SYSTEM32\bcrypt.dll
0x00007ffcf1f20000 - 0x00007ffcf1f54000 	C:\WINDOWS\SYSTEM32\ntmarta.dll
0x000001ffc2080000 - 0x000001ffc20fa000 	C:\WINDOWS\System32\bcryptprimitives.dll
0x00007ffcf1f00000 - 0x00007ffcf1f18000 	C:\WINDOWS\SYSTEM32\kernel.appcore.dll
0x00007ffceb900000 - 0x00007ffceb90c000 	C:\Program Files\Java\jdk-17.0.5\bin\vcruntime140_1.dll
0x00007ffcc72e0000 - 0x00007ffcc736d000 	C:\Program Files\Java\jdk-17.0.5\bin\msvcp140.dll
0x00007ffca11d0000 - 0x00007ffca1d92000 	C:\Program Files\Java\jdk-17.0.5\bin\server\jvm.dll
0x00007ffcf3920000 - 0x00007ffcf3928000 	C:\WINDOWS\System32\PSAPI.DLL
0x00007ffccf0b0000 - 0x00007ffccf0b9000 	C:\WINDOWS\SYSTEM32\WSOCK32.dll
0x000001ffc2110000 - 0x000001ffc2181000 	C:\WINDOWS\System32\WS2_32.dll
0x00007ffce8940000 - 0x00007ffce8974000 	C:\WINDOWS\SYSTEM32\WINMM.dll
0x00007ffceaef0000 - 0x00007ffceaefa000 	C:\Program Files\Java\jdk-17.0.5\bin\jimage.dll
0x00007ffcf07f0000 - 0x00007ffcf0a1e000 	C:\WINDOWS\SYSTEM32\DBGHELP.DLL
0x000001ffc2190000 - 0x000001ffc2267000 	C:\WINDOWS\System32\OLEAUT32.dll
0x00007ffcdab90000 - 0x00007ffcdabc2000 	C:\WINDOWS\SYSTEM32\dbgcore.DLL
0x00007ffcdb270000 - 0x00007ffcdb295000 	C:\Program Files\Java\jdk-17.0.5\bin\java.dll

dbghelp: loaded successfully - version: 4.0.5 - missing functions: none
symbol engine: initialized successfully - sym options: 0x614 - pdb path: .;C:\Program Files\Java\jdk-17.0.5\bin;C:\WINDOWS\SYSTEM32;C:\WINDOWS\WinSxS\amd64_microsoft.windows.common-controls_6595b64144ccf1df_6.0.22621.1635_none_270f70857386168e;C:\Program Files (x86)\Citrix\ICA Client;C:\Program Files\Java\jdk-17.0.5\bin\server

VM Arguments:
java_command: C:\Users\AsusX514\IdeaProjects\Sports\out\artifacts\Sports_jar\sports.jar
java_class_path (initial): C:\Users\AsusX514\IdeaProjects\Sports\out\artifacts\Sports_jar\sports.jar
Launcher Type: SUN_STANDARD

[Global flags]
     intx CICompilerCount                          = 4                                         {product} {ergonomic}
     uint ConcGCThreads                            = 2                                         {product} {ergonomic}
     uint G1ConcRefinementThreads                  = 8                                         {product} {ergonomic}
   size_t G1HeapRegionSize                         = 2097152                                   {product} {ergonomic}
    uintx GCDrainStackTargetSize                   = 64                                        {product} {ergonomic}
   size_t InitialHeapSize                          = 264241152                                 {product} {ergonomic}
   size_t MarkStackSize                            = 4194304                                   {product} {ergonomic}
   size_t MaxHeapSize                              = 4215275520                                {product} {ergonomic}
   size_t MinHeapDeltaBytes                        = 2097152                                   {product} {ergonomic}
   size_t MinHeapSize                              = 8388608                                   {product} {ergonomic}
    uintx NonNMethodCodeHeapSize                   = 5839372                                {pd product} {ergonomic}
    uintx NonProfiledCodeHeapSize                  = 122909434                              {pd product} {ergonomic}
    uintx ProfiledCodeHeapSize                     = 122909434                              {pd product} {ergonomic}
    uintx ReservedCodeCacheSize                    = 251658240                              {pd product} {ergonomic}
     bool SegmentedCodeCache                       = true                                      {product} {ergonomic}
   size_t SoftMaxHeapSize                          = 4215275520                             {manageable} {ergonomic}
     bool UseCompressedClassPointers               = true                           {product lp64_product} {ergonomic}
     bool UseCompressedOops                        = true                           {product lp64_product} {ergonomic}
     bool UseG1GC                                  = true                                      {product} {ergonomic}
     bool UseLargePagesIndividualAllocation        = false                                  {pd product} {ergonomic}

Logging:
Log output configuration:
 #0: stdout all=warning uptime,level,tags
 #1: stderr all=off uptime,level,tags

Environment Variables:
JAVA_HOME=C:\Program Files\Java\jdk-17.0.5
PATH=C:\Program Files\Common Files\Oracle\Java\javapath;C:\Program Files (x86)\Common Files\Oracle\Java\javapath;C:\WINDOWS\system32;C:\WINDOWS;C:\WINDOWS\System32\Wbem;C:\WINDOWS\System32\WindowsPowerShell\v1.0\;C:\WINDOWS\System32\OpenSSH\;C:\Program Files\Microsoft SQL Server\Client SDK\ODBC\130\Tools\Binn\;C:\Program Files (x86)\Microsoft SQL Server\140\Tools\Binn\;C:\Program Files\Microsoft SQL Server\140\Tools\Binn\;C:\Program Files\Microsoft SQL Server\140\DTS\Binn\;C:\Program Files\Azure Data Studio\bin;C:\Program Files (x86)\Microsoft SQL Server\160\DTS\Binn\;C:\Users\AsusX514\AppData\Local\Android\Sdk\platform-tools;C:\Program Files\Android\Android Studio\jre\bin;C:\Users\AsusX514\AppData\Local\Microsoft\WindowsApps;C:\Program Files\Azure Data Studio\bin;C:\Users\AsusX514\AppData\Local\GitHubDesktop\bin
USERNAME=AsusX514
OS=Windows_NT
PROCESSOR_IDENTIFIER=Intel64 Family 6 Model 140 Stepping 1, GenuineIntel



---------------  S Y S T E M  ---------------

OS:
 Windows 11 , 64 bit Build 22621 (10.0.22621.1928)
OS uptime: 14 days 1:55 hours

CPU: total 8 (initial active 8) (4 cores per cpu, 2 threads per core) family 6 model 140 stepping 1 microcode 0x86, cx8, cmov, fxsr, ht, mmx, 3dnowpref, sse, sse2, sse3, ssse3, sse4.1, sse4.2, popcnt, lzcnt, tsc, tscinvbit, avx, avx2, aes, erms, clmul, bmi1, bmi2, adx, avx512f, avx512dq, avx512cd, avx512bw, avx512vl, sha, fma, vzeroupper, avx512_vpopcntdq, avx512_vpclmulqdq, avx512_vaes, avx512_vnni, clflush, clflushopt, clwb, avx512_vbmi2, avx512_vbmi

Memory: 4k page, system-wide physical 16078M (864M free)
TotalPageFile size 65230M (AvailPageFile size 177M)
current process WorkingSet (physical memory assigned to process): 13M, peak: 13M
current process commit charge ("private bytes"): 61M, peak: 313M

vm_info: Java HotSpot(TM) 64-Bit Server VM (17.0.5+9-LTS-191) for windows-amd64 JRE (17.0.5+9-LTS-191), built on Sep 13 2022 17:31:43 by "mach5one" with MS VC++ 16.8 / 16.9 (VS2019)

END.
